https://www.ncbi.nlm.nih.gov/pubmed?LinkName=gds_pubmed&from_uid=200011474
httpswwwncbinlmnihgovpubmedLinkNamegds_pubmedfrom_uid200011474
https://www.ncbi.nlm.nih.gov/pubmed?LinkName=gds_pubmed&from_uid=200011474
httpswwwncbinlmnihgovpubmedLinkNamegds_pubmedfrom_uid200011474
https://www.ncbi.nlm.nih.gov/pmc/articles/pmid/18650386/
httpswwwncbinlmnihgovpmcarticlespmid18650386
https://www.ncbi.nlm.nih.gov/pmc/articles/pmid/18650386/
httpswwwncbinlmnihgovpmcarticlespmid18650386
https://www.ncbi.nlm.nih.gov/pmc/articles/pmid/18650386/
httpswwwncbinlmnihgovpmcarticlespmid18650386
https://www.ncbi.nlm.nih.gov/pmc/articles/pmid/18650386/
httpswwwncbinlmnihgovpmcarticlespmid18650386
https://www.ncbi.nlm.nih.gov/pmc/articles/pmid/18650386/
httpswwwncbinlmnihgovpmcarticlespmid18650386
https://www.ncbi.nlm.nih.gov/pmc/articles/pmid/18650386/
httpswwwncbinlmnihgovpmcarticlespmid18650386
https://www.ncbi.nlm.nih.gov/pmc/articles/pmid/18650386/
httpswwwncbinlmnihgovpmcarticlespmid18650386
https://www.ncbi.nlm.nih.gov/pmc/articles/pmid/18650386/
httpswwwncbinlmnihgovpmcarticlespmid18650386
https://www.ncbi.nlm.nih.gov/pmc/articles/pmid/18650386/
httpswwwncbinlmnihgovpmcarticlespmid18650386
http://www.pnas.org/cgi/pmidlookup?view=long&pmid=18650386
httpwwwpnasorgcgipmidlookupviewlongpmid18650386
https://www.ncbi.nlm.nih.gov/pmc/articles/pmid/18650386/
httpswwwncbinlmnihgovpmcarticlespmid18650386
http://www.pnas.org/cgi/pmidlookup?view=long&pmid=18650386
httpwwwpnasorgcgipmidlookupviewlongpmid18650386
https://www.ncbi.nlm.nih.gov/pmc/articles/pmid/18650386/
httpswwwncbinlmnihgovpmcarticlespmid18650386
https://www.ncbi.nlm.nih.gov/pmc/articles/pmid/18650386/
httpswwwncbinlmnihgovpmcarticlespmid18650386
http://www.pnas.org/cgi/pmidlookup?view=long&pmid=18650386
httpwwwpnasorgcgipmidlookupviewlongpmid18650386
https://www.ncbi.nlm.nih.gov/pmc/articles/pmid/18650386/
httpswwwncbinlmnihgovpmcarticlespmid18650386
https://www.ncbi.nlm.nih.gov/pmc/articles/pmid/18650386/
httpswwwncbinlmnihgovpmcarticlespmid18650386
http://www.pnas.org/cgi/pmidlookup?view=long&pmid=18650386
httpwwwpnasorgcgipmidlookupviewlongpmid18650386
https://www.ncbi.nlm.nih.gov/pmc/articles/pmid/18650386/
httpswwwncbinlmnihgovpmcarticlespmid18650386
http://www.pnas.org/cgi/pmidlookup?view=long&pmid=18650386
httpwwwpnasorgcgipmidlookupviewlongpmid18650386
https://www.ncbi.nlm.nih.gov/pmc/articles/pmid/18650386/
httpswwwncbinlmnihgovpmcarticlespmid18650386
http://www.pnas.org/cgi/pmidlookup?view=long&pmid=18650386
httpwwwpnasorgcgipmidlookupviewlongpmid18650386
https://www.ncbi.nlm.nih.gov/pmc/articles/pmid/18650386/
httpswwwncbinlmnihgovpmcarticlespmid18650386
http://www.pnas.org/cgi/pmidlookup?view=long&pmid=18650386
httpwwwpnasorgcgipmidlookupviewlongpmid18650386
https://www.ncbi.nlm.nih.gov/pmc/articles/pmid/18650386/
httpswwwncbinlmnihgovpmcarticlespmid18650386
